I, [2017-04-23T04:05:50.202058 #28330]  INFO -- : Refreshing Gem list
bundler: failed to load command: unicorn (/var/www/potato/shared/bundle/ruby/2.3.0/bin/unicorn)
LoadError: No such file to load -- pry-rails
  /var/www/potato/shared/bundle/ruby/2.3.0/gems/activesupport-5.0.1/lib/active_support/dependencies.rb:293:in `require'
  /var/www/potato/shared/bundle/ruby/2.3.0/gems/activesupport-5.0.1/lib/active_support/dependencies.rb:293:in `block in require'
  /var/www/potato/shared/bundle/ruby/2.3.0/gems/activesupport-5.0.1/lib/active_support/dependencies.rb:259:in `load_dependency'
  /var/www/potato/shared/bundle/ruby/2.3.0/gems/activesupport-5.0.1/lib/active_support/dependencies.rb:293:in `require'
  /var/www/potato/releases/20170423040533/app/models/text_info.rb:3:in `<class:TextInfo>'
  /var/www/potato/releases/20170423040533/app/models/text_info.rb:1:in `<top (required)>'
  /var/www/potato/shared/bundle/ruby/2.3.0/gems/activesupport-5.0.1/lib/active_support/dependencies.rb:293:in `require'
  /var/www/potato/shared/bundle/ruby/2.3.0/gems/activesupport-5.0.1/lib/active_support/dependencies.rb:293:in `block in require'
  /var/www/potato/shared/bundle/ruby/2.3.0/gems/activesupport-5.0.1/lib/active_support/dependencies.rb:259:in `load_dependency'
  /var/www/potato/shared/bundle/ruby/2.3.0/gems/activesupport-5.0.1/lib/active_support/dependencies.rb:293:in `require'
  /var/www/potato/shared/bundle/ruby/2.3.0/gems/activesupport-5.0.1/lib/active_support/dependencies.rb:380:in `block in require_or_load'
  /var/www/potato/shared/bundle/ruby/2.3.0/gems/activesupport-5.0.1/lib/active_support/dependencies.rb:37:in `block in load_interlock'
  /var/www/potato/shared/bundle/ruby/2.3.0/gems/activesupport-5.0.1/lib/active_support/dependencies/interlock.rb:12:in `block in loading'
  /var/www/potato/shared/bundle/ruby/2.3.0/gems/activesupport-5.0.1/lib/active_support/concurrency/share_lock.rb:150:in `exclusive'
  /var/www/potato/shared/bundle/ruby/2.3.0/gems/activesupport-5.0.1/lib/active_support/dependencies/interlock.rb:11:in `loading'
  /var/www/potato/shared/bundle/ruby/2.3.0/gems/activesupport-5.0.1/lib/active_support/dependencies.rb:37:in `load_interlock'
  /var/www/potato/shared/bundle/ruby/2.3.0/gems/activesupport-5.0.1/lib/active_support/dependencies.rb:358:in `require_or_load'
  /var/www/potato/shared/bundle/ruby/2.3.0/gems/activesupport-5.0.1/lib/active_support/dependencies.rb:336:in `depend_on'
  /var/www/potato/shared/bundle/ruby/2.3.0/gems/activesupport-5.0.1/lib/active_support/dependencies.rb:252:in `require_dependency'
  /var/www/potato/shared/bundle/ruby/2.3.0/gems/railties-5.0.1/lib/rails/engine.rb:476:in `block (2 levels) in eager_load!'
  /var/www/potato/shared/bundle/ruby/2.3.0/gems/railties-5.0.1/lib/rails/engine.rb:475:in `each'
  /var/www/potato/shared/bundle/ruby/2.3.0/gems/railties-5.0.1/lib/rails/engine.rb:475:in `block in eager_load!'
  /var/www/potato/shared/bundle/ruby/2.3.0/gems/railties-5.0.1/lib/rails/engine.rb:473:in `each'
  /var/www/potato/shared/bundle/ruby/2.3.0/gems/railties-5.0.1/lib/rails/engine.rb:473:in `eager_load!'
  /var/www/potato/shared/bundle/ruby/2.3.0/gems/railties-5.0.1/lib/rails/engine.rb:354:in `eager_load!'
  /var/www/potato/shared/bundle/ruby/2.3.0/gems/railties-5.0.1/lib/rails/application/finisher.rb:59:in `each'
  /var/www/potato/shared/bundle/ruby/2.3.0/gems/railties-5.0.1/lib/rails/application/finisher.rb:59:in `block in <module:Finisher>'
  /var/www/potato/shared/bundle/ruby/2.3.0/gems/railties-5.0.1/lib/rails/initializable.rb:30:in `instance_exec'
  /var/www/potato/shared/bundle/ruby/2.3.0/gems/railties-5.0.1/lib/rails/initializable.rb:30:in `run'
  /var/www/potato/shared/bundle/ruby/2.3.0/gems/railties-5.0.1/lib/rails/initializable.rb:55:in `block in run_initializers'
  /home/ec2-user/.rbenv/versions/2.3.1/lib/ruby/2.3.0/tsort.rb:228:in `block in tsort_each'
  /home/ec2-user/.rbenv/versions/2.3.1/lib/ruby/2.3.0/tsort.rb:350:in `block (2 levels) in each_strongly_connected_component'
  /home/ec2-user/.rbenv/versions/2.3.1/lib/ruby/2.3.0/tsort.rb:431:in `each_strongly_connected_component_from'
  /home/ec2-user/.rbenv/versions/2.3.1/lib/ruby/2.3.0/tsort.rb:349:in `block in each_strongly_connected_component'
  /home/ec2-user/.rbenv/versions/2.3.1/lib/ruby/2.3.0/tsort.rb:347:in `each'
  /home/ec2-user/.rbenv/versions/2.3.1/lib/ruby/2.3.0/tsort.rb:347:in `call'
  /home/ec2-user/.rbenv/versions/2.3.1/lib/ruby/2.3.0/tsort.rb:347:in `each_strongly_connected_component'
  /home/ec2-user/.rbenv/versions/2.3.1/lib/ruby/2.3.0/tsort.rb:226:in `tsort_each'
  /home/ec2-user/.rbenv/versions/2.3.1/lib/ruby/2.3.0/tsort.rb:205:in `tsort_each'
  /var/www/potato/shared/bundle/ruby/2.3.0/gems/railties-5.0.1/lib/rails/initializable.rb:54:in `run_initializers'
  /var/www/potato/shared/bundle/ruby/2.3.0/gems/railties-5.0.1/lib/rails/application.rb:352:in `initialize!'
  /var/www/potato/releases/20170423040533/config/environment.rb:5:in `<top (required)>'
  config.ru:4:in `require_relative'
  config.ru:4:in `block in <main>'
  /var/www/potato/shared/bundle/ruby/2.3.0/gems/rack-2.0.1/lib/rack/builder.rb:55:in `instance_eval'
  /var/www/potato/shared/bundle/ruby/2.3.0/gems/rack-2.0.1/lib/rack/builder.rb:55:in `initialize'
  config.ru:1:in `new'
  config.ru:1:in `<main>'
  /var/www/potato/shared/bundle/ruby/2.3.0/gems/unicorn-5.3.0/lib/unicorn.rb:56:in `eval'
  /var/www/potato/shared/bundle/ruby/2.3.0/gems/unicorn-5.3.0/lib/unicorn.rb:56:in `block in builder'
  /var/www/potato/shared/bundle/ruby/2.3.0/gems/unicorn-5.3.0/lib/unicorn/http_server.rb:796:in `build_app!'
  /var/www/potato/shared/bundle/ruby/2.3.0/gems/unicorn-5.3.0/lib/unicorn/http_server.rb:139:in `start'
  /var/www/potato/shared/bundle/ruby/2.3.0/gems/unicorn-5.3.0/bin/unicorn:126:in `<top (required)>'
  /var/www/potato/shared/bundle/ruby/2.3.0/bin/unicorn:23:in `load'
  /var/www/potato/shared/bundle/ruby/2.3.0/bin/unicorn:23:in `<top (required)>'
I, [2017-04-23T04:10:18.038192 #29493]  INFO -- : Refreshing Gem list
bundler: failed to load command: unicorn (/var/www/potato/shared/bundle/ruby/2.3.0/bin/unicorn)
LoadError: No such file to load -- pry-rails
  /var/www/potato/shared/bundle/ruby/2.3.0/gems/activesupport-5.0.1/lib/active_support/dependencies.rb:293:in `require'
  /var/www/potato/shared/bundle/ruby/2.3.0/gems/activesupport-5.0.1/lib/active_support/dependencies.rb:293:in `block in require'
  /var/www/potato/shared/bundle/ruby/2.3.0/gems/activesupport-5.0.1/lib/active_support/dependencies.rb:259:in `load_dependency'
  /var/www/potato/shared/bundle/ruby/2.3.0/gems/activesupport-5.0.1/lib/active_support/dependencies.rb:293:in `require'
  /var/www/potato/releases/20170423041002/app/models/text_info.rb:3:in `<class:TextInfo>'
  /var/www/potato/releases/20170423041002/app/models/text_info.rb:1:in `<top (required)>'
  /var/www/potato/shared/bundle/ruby/2.3.0/gems/activesupport-5.0.1/lib/active_support/dependencies.rb:293:in `require'
  /var/www/potato/shared/bundle/ruby/2.3.0/gems/activesupport-5.0.1/lib/active_support/dependencies.rb:293:in `block in require'
  /var/www/potato/shared/bundle/ruby/2.3.0/gems/activesupport-5.0.1/lib/active_support/dependencies.rb:259:in `load_dependency'
  /var/www/potato/shared/bundle/ruby/2.3.0/gems/activesupport-5.0.1/lib/active_support/dependencies.rb:293:in `require'
  /var/www/potato/shared/bundle/ruby/2.3.0/gems/activesupport-5.0.1/lib/active_support/dependencies.rb:380:in `block in require_or_load'
  /var/www/potato/shared/bundle/ruby/2.3.0/gems/activesupport-5.0.1/lib/active_support/dependencies.rb:37:in `block in load_interlock'
  /var/www/potato/shared/bundle/ruby/2.3.0/gems/activesupport-5.0.1/lib/active_support/dependencies/interlock.rb:12:in `block in loading'
  /var/www/potato/shared/bundle/ruby/2.3.0/gems/activesupport-5.0.1/lib/active_support/concurrency/share_lock.rb:150:in `exclusive'
  /var/www/potato/shared/bundle/ruby/2.3.0/gems/activesupport-5.0.1/lib/active_support/dependencies/interlock.rb:11:in `loading'
  /var/www/potato/shared/bundle/ruby/2.3.0/gems/activesupport-5.0.1/lib/active_support/dependencies.rb:37:in `load_interlock'
  /var/www/potato/shared/bundle/ruby/2.3.0/gems/activesupport-5.0.1/lib/active_support/dependencies.rb:358:in `require_or_load'
  /var/www/potato/shared/bundle/ruby/2.3.0/gems/activesupport-5.0.1/lib/active_support/dependencies.rb:336:in `depend_on'
  /var/www/potato/shared/bundle/ruby/2.3.0/gems/activesupport-5.0.1/lib/active_support/dependencies.rb:252:in `require_dependency'
  /var/www/potato/shared/bundle/ruby/2.3.0/gems/railties-5.0.1/lib/rails/engine.rb:476:in `block (2 levels) in eager_load!'
  /var/www/potato/shared/bundle/ruby/2.3.0/gems/railties-5.0.1/lib/rails/engine.rb:475:in `each'
  /var/www/potato/shared/bundle/ruby/2.3.0/gems/railties-5.0.1/lib/rails/engine.rb:475:in `block in eager_load!'
  /var/www/potato/shared/bundle/ruby/2.3.0/gems/railties-5.0.1/lib/rails/engine.rb:473:in `each'
  /var/www/potato/shared/bundle/ruby/2.3.0/gems/railties-5.0.1/lib/rails/engine.rb:473:in `eager_load!'
  /var/www/potato/shared/bundle/ruby/2.3.0/gems/railties-5.0.1/lib/rails/engine.rb:354:in `eager_load!'
  /var/www/potato/shared/bundle/ruby/2.3.0/gems/railties-5.0.1/lib/rails/application/finisher.rb:59:in `each'
  /var/www/potato/shared/bundle/ruby/2.3.0/gems/railties-5.0.1/lib/rails/application/finisher.rb:59:in `block in <module:Finisher>'
  /var/www/potato/shared/bundle/ruby/2.3.0/gems/railties-5.0.1/lib/rails/initializable.rb:30:in `instance_exec'
  /var/www/potato/shared/bundle/ruby/2.3.0/gems/railties-5.0.1/lib/rails/initializable.rb:30:in `run'
  /var/www/potato/shared/bundle/ruby/2.3.0/gems/railties-5.0.1/lib/rails/initializable.rb:55:in `block in run_initializers'
  /home/ec2-user/.rbenv/versions/2.3.1/lib/ruby/2.3.0/tsort.rb:228:in `block in tsort_each'
  /home/ec2-user/.rbenv/versions/2.3.1/lib/ruby/2.3.0/tsort.rb:350:in `block (2 levels) in each_strongly_connected_component'
  /home/ec2-user/.rbenv/versions/2.3.1/lib/ruby/2.3.0/tsort.rb:431:in `each_strongly_connected_component_from'
  /home/ec2-user/.rbenv/versions/2.3.1/lib/ruby/2.3.0/tsort.rb:349:in `block in each_strongly_connected_component'
  /home/ec2-user/.rbenv/versions/2.3.1/lib/ruby/2.3.0/tsort.rb:347:in `each'
  /home/ec2-user/.rbenv/versions/2.3.1/lib/ruby/2.3.0/tsort.rb:347:in `call'
  /home/ec2-user/.rbenv/versions/2.3.1/lib/ruby/2.3.0/tsort.rb:347:in `each_strongly_connected_component'
  /home/ec2-user/.rbenv/versions/2.3.1/lib/ruby/2.3.0/tsort.rb:226:in `tsort_each'
  /home/ec2-user/.rbenv/versions/2.3.1/lib/ruby/2.3.0/tsort.rb:205:in `tsort_each'
  /var/www/potato/shared/bundle/ruby/2.3.0/gems/railties-5.0.1/lib/rails/initializable.rb:54:in `run_initializers'
  /var/www/potato/shared/bundle/ruby/2.3.0/gems/railties-5.0.1/lib/rails/application.rb:352:in `initialize!'
  /var/www/potato/releases/20170423041002/config/environment.rb:5:in `<top (required)>'
  config.ru:4:in `require_relative'
  config.ru:4:in `block in <main>'
  /var/www/potato/shared/bundle/ruby/2.3.0/gems/rack-2.0.1/lib/rack/builder.rb:55:in `instance_eval'
  /var/www/potato/shared/bundle/ruby/2.3.0/gems/rack-2.0.1/lib/rack/builder.rb:55:in `initialize'
  config.ru:1:in `new'
  config.ru:1:in `<main>'
  /var/www/potato/shared/bundle/ruby/2.3.0/gems/unicorn-5.3.0/lib/unicorn.rb:56:in `eval'
  /var/www/potato/shared/bundle/ruby/2.3.0/gems/unicorn-5.3.0/lib/unicorn.rb:56:in `block in builder'
  /var/www/potato/shared/bundle/ruby/2.3.0/gems/unicorn-5.3.0/lib/unicorn/http_server.rb:796:in `build_app!'
  /var/www/potato/shared/bundle/ruby/2.3.0/gems/unicorn-5.3.0/lib/unicorn/http_server.rb:139:in `start'
  /var/www/potato/shared/bundle/ruby/2.3.0/gems/unicorn-5.3.0/bin/unicorn:126:in `<top (required)>'
  /var/www/potato/shared/bundle/ruby/2.3.0/bin/unicorn:23:in `load'
  /var/www/potato/shared/bundle/ruby/2.3.0/bin/unicorn:23:in `<top (required)>'
I, [2017-04-23T04:11:18.206288 #29566]  INFO -- : Refreshing Gem list
config.eager_load is set to nil. Please update your config/environments/*.rb files accordingly:

  * development - set it to false
  * test - set it to false (unless you use a tool that preloads your test environment)
  * production - set it to true

bundler: failed to load command: unicorn (/home/ec2-user/.rbenv/versions/2.3.1/bin/unicorn)
ActiveRecord::AdapterNotSpecified: 'deployment' database is not configured. Available: ["default", "development", "test", "production"]
  /home/ec2-user/.rbenv/versions/2.3.1/lib/ruby/gems/2.3.0/gems/activerecord-5.0.1/lib/active_record/connection_adapters/connection_specification.rb:236:in `resolve_symbol_connection'
  /home/ec2-user/.rbenv/versions/2.3.1/lib/ruby/gems/2.3.0/gems/activerecord-5.0.1/lib/active_record/connection_adapters/connection_specification.rb:217:in `resolve_connection'
  /home/ec2-user/.rbenv/versions/2.3.1/lib/ruby/gems/2.3.0/gems/activerecord-5.0.1/lib/active_record/connection_adapters/connection_specification.rb:138:in `resolve'
  /home/ec2-user/.rbenv/versions/2.3.1/lib/ruby/gems/2.3.0/gems/activerecord-5.0.1/lib/active_record/connection_adapters/connection_specification.rb:168:in `spec'
  /home/ec2-user/.rbenv/versions/2.3.1/lib/ruby/gems/2.3.0/gems/activerecord-5.0.1/lib/active_record/connection_handling.rb:53:in `establish_connection'
  /home/ec2-user/.rbenv/versions/2.3.1/lib/ruby/gems/2.3.0/gems/activerecord-5.0.1/lib/active_record/railtie.rb:125:in `block (2 levels) in <class:Railtie>'
  /home/ec2-user/.rbenv/versions/2.3.1/lib/ruby/gems/2.3.0/gems/activesupport-5.0.1/lib/active_support/lazy_load_hooks.rb:43:in `instance_eval'
  /home/ec2-user/.rbenv/versions/2.3.1/lib/ruby/gems/2.3.0/gems/activesupport-5.0.1/lib/active_support/lazy_load_hooks.rb:43:in `execute_hook'
  /home/ec2-user/.rbenv/versions/2.3.1/lib/ruby/gems/2.3.0/gems/activesupport-5.0.1/lib/active_support/lazy_load_hooks.rb:33:in `block in on_load'
  /home/ec2-user/.rbenv/versions/2.3.1/lib/ruby/gems/2.3.0/gems/activesupport-5.0.1/lib/active_support/lazy_load_hooks.rb:32:in `each'
  /home/ec2-user/.rbenv/versions/2.3.1/lib/ruby/gems/2.3.0/gems/activesupport-5.0.1/lib/active_support/lazy_load_hooks.rb:32:in `on_load'
  /home/ec2-user/.rbenv/versions/2.3.1/lib/ruby/gems/2.3.0/gems/activerecord-5.0.1/lib/active_record/railtie.rb:121:in `block in <class:Railtie>'
  /home/ec2-user/.rbenv/versions/2.3.1/lib/ruby/gems/2.3.0/gems/railties-5.0.1/lib/rails/initializable.rb:30:in `instance_exec'
  /home/ec2-user/.rbenv/versions/2.3.1/lib/ruby/gems/2.3.0/gems/railties-5.0.1/lib/rails/initializable.rb:30:in `run'
  /home/ec2-user/.rbenv/versions/2.3.1/lib/ruby/gems/2.3.0/gems/railties-5.0.1/lib/rails/initializable.rb:55:in `block in run_initializers'
  /home/ec2-user/.rbenv/versions/2.3.1/lib/ruby/2.3.0/tsort.rb:228:in `block in tsort_each'
  /home/ec2-user/.rbenv/versions/2.3.1/lib/ruby/2.3.0/tsort.rb:350:in `block (2 levels) in each_strongly_connected_component'
  /home/ec2-user/.rbenv/versions/2.3.1/lib/ruby/2.3.0/tsort.rb:431:in `each_strongly_connected_component_from'
  /home/ec2-user/.rbenv/versions/2.3.1/lib/ruby/2.3.0/tsort.rb:349:in `block in each_strongly_connected_component'
  /home/ec2-user/.rbenv/versions/2.3.1/lib/ruby/2.3.0/tsort.rb:347:in `each'
  /home/ec2-user/.rbenv/versions/2.3.1/lib/ruby/2.3.0/tsort.rb:347:in `call'
  /home/ec2-user/.rbenv/versions/2.3.1/lib/ruby/2.3.0/tsort.rb:347:in `each_strongly_connected_component'
  /home/ec2-user/.rbenv/versions/2.3.1/lib/ruby/2.3.0/tsort.rb:226:in `tsort_each'
  /home/ec2-user/.rbenv/versions/2.3.1/lib/ruby/2.3.0/tsort.rb:205:in `tsort_each'
  /home/ec2-user/.rbenv/versions/2.3.1/lib/ruby/gems/2.3.0/gems/railties-5.0.1/lib/rails/initializable.rb:54:in `run_initializers'
  /home/ec2-user/.rbenv/versions/2.3.1/lib/ruby/gems/2.3.0/gems/railties-5.0.1/lib/rails/application.rb:352:in `initialize!'
  /var/www/potato/releases/20170423041002/config/environment.rb:5:in `<top (required)>'
  config.ru:4:in `require_relative'
  config.ru:4:in `block in <main>'
  /home/ec2-user/.rbenv/versions/2.3.1/lib/ruby/gems/2.3.0/gems/rack-2.0.1/lib/rack/builder.rb:55:in `instance_eval'
  /home/ec2-user/.rbenv/versions/2.3.1/lib/ruby/gems/2.3.0/gems/rack-2.0.1/lib/rack/builder.rb:55:in `initialize'
  config.ru:1:in `new'
  config.ru:1:in `<main>'
  /home/ec2-user/.rbenv/versions/2.3.1/lib/ruby/gems/2.3.0/gems/unicorn-5.3.0/lib/unicorn.rb:56:in `eval'
  /home/ec2-user/.rbenv/versions/2.3.1/lib/ruby/gems/2.3.0/gems/unicorn-5.3.0/lib/unicorn.rb:56:in `block in builder'
  /home/ec2-user/.rbenv/versions/2.3.1/lib/ruby/gems/2.3.0/gems/unicorn-5.3.0/lib/unicorn/http_server.rb:796:in `build_app!'
  /home/ec2-user/.rbenv/versions/2.3.1/lib/ruby/gems/2.3.0/gems/unicorn-5.3.0/lib/unicorn/http_server.rb:139:in `start'
  /home/ec2-user/.rbenv/versions/2.3.1/lib/ruby/gems/2.3.0/gems/unicorn-5.3.0/bin/unicorn:126:in `<top (required)>'
  /home/ec2-user/.rbenv/versions/2.3.1/bin/unicorn:23:in `load'
  /home/ec2-user/.rbenv/versions/2.3.1/bin/unicorn:23:in `<top (required)>'
I, [2017-04-23T04:11:29.718082 #29602]  INFO -- : Refreshing Gem list
config.eager_load is set to nil. Please update your config/environments/*.rb files accordingly:

  * development - set it to false
  * test - set it to false (unless you use a tool that preloads your test environment)
  * production - set it to true

bundler: failed to load command: unicorn (/home/ec2-user/.rbenv/versions/2.3.1/bin/unicorn)
ActiveRecord::AdapterNotSpecified: 'deployment' database is not configured. Available: ["default", "development", "test", "production"]
  /home/ec2-user/.rbenv/versions/2.3.1/lib/ruby/gems/2.3.0/gems/activerecord-5.0.1/lib/active_record/connection_adapters/connection_specification.rb:236:in `resolve_symbol_connection'
  /home/ec2-user/.rbenv/versions/2.3.1/lib/ruby/gems/2.3.0/gems/activerecord-5.0.1/lib/active_record/connection_adapters/connection_specification.rb:217:in `resolve_connection'
  /home/ec2-user/.rbenv/versions/2.3.1/lib/ruby/gems/2.3.0/gems/activerecord-5.0.1/lib/active_record/connection_adapters/connection_specification.rb:138:in `resolve'
  /home/ec2-user/.rbenv/versions/2.3.1/lib/ruby/gems/2.3.0/gems/activerecord-5.0.1/lib/active_record/connection_adapters/connection_specification.rb:168:in `spec'
  /home/ec2-user/.rbenv/versions/2.3.1/lib/ruby/gems/2.3.0/gems/activerecord-5.0.1/lib/active_record/connection_handling.rb:53:in `establish_connection'
  /home/ec2-user/.rbenv/versions/2.3.1/lib/ruby/gems/2.3.0/gems/activerecord-5.0.1/lib/active_record/railtie.rb:125:in `block (2 levels) in <class:Railtie>'
  /home/ec2-user/.rbenv/versions/2.3.1/lib/ruby/gems/2.3.0/gems/activesupport-5.0.1/lib/active_support/lazy_load_hooks.rb:43:in `instance_eval'
  /home/ec2-user/.rbenv/versions/2.3.1/lib/ruby/gems/2.3.0/gems/activesupport-5.0.1/lib/active_support/lazy_load_hooks.rb:43:in `execute_hook'
  /home/ec2-user/.rbenv/versions/2.3.1/lib/ruby/gems/2.3.0/gems/activesupport-5.0.1/lib/active_support/lazy_load_hooks.rb:33:in `block in on_load'
  /home/ec2-user/.rbenv/versions/2.3.1/lib/ruby/gems/2.3.0/gems/activesupport-5.0.1/lib/active_support/lazy_load_hooks.rb:32:in `each'
  /home/ec2-user/.rbenv/versions/2.3.1/lib/ruby/gems/2.3.0/gems/activesupport-5.0.1/lib/active_support/lazy_load_hooks.rb:32:in `on_load'
  /home/ec2-user/.rbenv/versions/2.3.1/lib/ruby/gems/2.3.0/gems/activerecord-5.0.1/lib/active_record/railtie.rb:121:in `block in <class:Railtie>'
  /home/ec2-user/.rbenv/versions/2.3.1/lib/ruby/gems/2.3.0/gems/railties-5.0.1/lib/rails/initializable.rb:30:in `instance_exec'
  /home/ec2-user/.rbenv/versions/2.3.1/lib/ruby/gems/2.3.0/gems/railties-5.0.1/lib/rails/initializable.rb:30:in `run'
  /home/ec2-user/.rbenv/versions/2.3.1/lib/ruby/gems/2.3.0/gems/railties-5.0.1/lib/rails/initializable.rb:55:in `block in run_initializers'
  /home/ec2-user/.rbenv/versions/2.3.1/lib/ruby/2.3.0/tsort.rb:228:in `block in tsort_each'
  /home/ec2-user/.rbenv/versions/2.3.1/lib/ruby/2.3.0/tsort.rb:350:in `block (2 levels) in each_strongly_connected_component'
  /home/ec2-user/.rbenv/versions/2.3.1/lib/ruby/2.3.0/tsort.rb:431:in `each_strongly_connected_component_from'
  /home/ec2-user/.rbenv/versions/2.3.1/lib/ruby/2.3.0/tsort.rb:349:in `block in each_strongly_connected_component'
  /home/ec2-user/.rbenv/versions/2.3.1/lib/ruby/2.3.0/tsort.rb:347:in `each'
  /home/ec2-user/.rbenv/versions/2.3.1/lib/ruby/2.3.0/tsort.rb:347:in `call'
  /home/ec2-user/.rbenv/versions/2.3.1/lib/ruby/2.3.0/tsort.rb:347:in `each_strongly_connected_component'
  /home/ec2-user/.rbenv/versions/2.3.1/lib/ruby/2.3.0/tsort.rb:226:in `tsort_each'
  /home/ec2-user/.rbenv/versions/2.3.1/lib/ruby/2.3.0/tsort.rb:205:in `tsort_each'
  /home/ec2-user/.rbenv/versions/2.3.1/lib/ruby/gems/2.3.0/gems/railties-5.0.1/lib/rails/initializable.rb:54:in `run_initializers'
  /home/ec2-user/.rbenv/versions/2.3.1/lib/ruby/gems/2.3.0/gems/railties-5.0.1/lib/rails/application.rb:352:in `initialize!'
  /var/www/potato/releases/20170423041002/config/environment.rb:5:in `<top (required)>'
  config.ru:4:in `require_relative'
  config.ru:4:in `block in <main>'
  /home/ec2-user/.rbenv/versions/2.3.1/lib/ruby/gems/2.3.0/gems/rack-2.0.1/lib/rack/builder.rb:55:in `instance_eval'
  /home/ec2-user/.rbenv/versions/2.3.1/lib/ruby/gems/2.3.0/gems/rack-2.0.1/lib/rack/builder.rb:55:in `initialize'
  config.ru:1:in `new'
  config.ru:1:in `<main>'
  /home/ec2-user/.rbenv/versions/2.3.1/lib/ruby/gems/2.3.0/gems/unicorn-5.3.0/lib/unicorn.rb:56:in `eval'
  /home/ec2-user/.rbenv/versions/2.3.1/lib/ruby/gems/2.3.0/gems/unicorn-5.3.0/lib/unicorn.rb:56:in `block in builder'
  /home/ec2-user/.rbenv/versions/2.3.1/lib/ruby/gems/2.3.0/gems/unicorn-5.3.0/lib/unicorn/http_server.rb:796:in `build_app!'
  /home/ec2-user/.rbenv/versions/2.3.1/lib/ruby/gems/2.3.0/gems/unicorn-5.3.0/lib/unicorn/http_server.rb:139:in `start'
  /home/ec2-user/.rbenv/versions/2.3.1/lib/ruby/gems/2.3.0/gems/unicorn-5.3.0/bin/unicorn:126:in `<top (required)>'
  /home/ec2-user/.rbenv/versions/2.3.1/bin/unicorn:23:in `load'
  /home/ec2-user/.rbenv/versions/2.3.1/bin/unicorn:23:in `<top (required)>'
I, [2017-04-23T05:41:11.310846 #8065]  INFO -- : inherited addr=0.0.0.0:3000 fd=10
I, [2017-04-23T05:41:11.311619 #8065]  INFO -- : Refreshing Gem list
I, [2017-04-23T05:41:13.269499 #8065]  INFO -- : listening on addr=/var/www/potato/current/tmp/sockets/.unicorn.sock fd=9
I, [2017-04-23T05:41:13.289062 #8065]  INFO -- : master process ready
I, [2017-04-23T05:41:13.290751 #8070]  INFO -- : worker=0 ready
I, [2017-04-23T05:41:13.293502 #8072]  INFO -- : worker=1 ready
/home/ec2-user/.rbenv/versions/2.3.1/lib/ruby/gems/2.3.0/gems/unicorn-5.3.0/lib/unicorn/http_server.rb:205:in `pid=': Already running on PID:8065 (or pid=/var/www/potato/current/tmp/pids/unicorn.pid is stale) (ArgumentError)
	from /home/ec2-user/.rbenv/versions/2.3.1/lib/ruby/gems/2.3.0/gems/unicorn-5.3.0/lib/unicorn/http_server.rb:137:in `start'
	from /home/ec2-user/.rbenv/versions/2.3.1/lib/ruby/gems/2.3.0/gems/unicorn-5.3.0/bin/unicorn_rails:209:in `<top (required)>'
	from /home/ec2-user/.rbenv/versions/2.3.1/bin/unicorn_rails:23:in `load'
	from /home/ec2-user/.rbenv/versions/2.3.1/bin/unicorn_rails:23:in `<main>'
/home/ec2-user/.rbenv/versions/2.3.1/lib/ruby/gems/2.3.0/gems/unicorn-5.3.0/lib/unicorn/http_server.rb:205:in `pid=': Already running on PID:8065 (or pid=/var/www/potato/current/tmp/pids/unicorn.pid is stale) (ArgumentError)
	from /home/ec2-user/.rbenv/versions/2.3.1/lib/ruby/gems/2.3.0/gems/unicorn-5.3.0/lib/unicorn/http_server.rb:137:in `start'
	from /home/ec2-user/.rbenv/versions/2.3.1/lib/ruby/gems/2.3.0/gems/unicorn-5.3.0/bin/unicorn_rails:209:in `<top (required)>'
	from /home/ec2-user/.rbenv/versions/2.3.1/bin/unicorn_rails:23:in `load'
	from /home/ec2-user/.rbenv/versions/2.3.1/bin/unicorn_rails:23:in `<main>'
I, [2017-04-23T06:16:54.241105 #8065]  INFO -- : reaped #<Process::Status: pid 8070 exit 0> worker=0
I, [2017-04-23T06:16:54.241221 #8065]  INFO -- : reaped #<Process::Status: pid 8072 exit 0> worker=1
I, [2017-04-23T06:16:54.241277 #8065]  INFO -- : master complete
I, [2017-04-23T06:17:30.523729 #8499]  INFO -- : Refreshing Gem list
I, [2017-04-23T06:17:32.582511 #8499]  INFO -- : unlinking existing socket=/var/www/potato/current/tmp/sockets/.unicorn.sock
I, [2017-04-23T06:17:32.582683 #8499]  INFO -- : listening on addr=/var/www/potato/current/tmp/sockets/.unicorn.sock fd=10
I, [2017-04-23T06:17:32.656847 #8499]  INFO -- : master process ready
I, [2017-04-23T06:17:32.658484 #8529]  INFO -- : worker=0 ready
I, [2017-04-23T06:17:32.659989 #8531]  INFO -- : worker=1 ready
I, [2017-04-23T09:11:21.796533 #10038]  INFO -- : executing ["/home/ec2-user/.rbenv/versions/2.3.1/bin/unicorn_rails", "-c", "config/unicorn.rb", "-E", "production", {10=>#<Kgio::UNIXServer:/var/www/potato/current/tmp/sockets/.unicorn.sock>}] (in /var/www/potato/releases/20170423091106)
I, [2017-04-23T09:11:21.796634 #10038]  INFO -- : forked child re-executing...
I, [2017-04-23T09:11:22.035368 #10038]  INFO -- : inherited addr=/var/www/potato/current/tmp/sockets/.unicorn.sock fd=10
I, [2017-04-23T09:11:22.035559 #10038]  INFO -- : Refreshing Gem list
I, [2017-04-23T09:11:23.993548 #10038]  INFO -- : master process ready
I, [2017-04-23T09:11:23.995369 #10043]  INFO -- : worker=0 ready
I, [2017-04-23T09:11:23.997446 #10045]  INFO -- : worker=1 ready
I, [2017-04-23T09:11:24.075726 #8499]  INFO -- : reaped #<Process::Status: pid 8529 exit 0> worker=0
I, [2017-04-23T09:11:24.075834 #8499]  INFO -- : reaped #<Process::Status: pid 8531 exit 0> worker=1
I, [2017-04-23T09:11:24.075931 #8499]  INFO -- : master complete
I, [2017-04-23T10:24:04.604786 #11473]  INFO -- : executing ["/home/ec2-user/.rbenv/versions/2.3.1/bin/unicorn_rails", "-c", "config/unicorn.rb", "-E", "production", {10=>#<Kgio::UNIXServer:fd 10>}] (in /var/www/potato/releases/20170423102344)
I, [2017-04-23T10:24:04.605367 #11473]  INFO -- : forked child re-executing...
I, [2017-04-23T10:24:04.867011 #11473]  INFO -- : inherited addr=/var/www/potato/current/tmp/sockets/.unicorn.sock fd=10
I, [2017-04-23T10:24:04.868317 #11473]  INFO -- : Refreshing Gem list
I, [2017-04-23T10:24:06.897153 #11473]  INFO -- : master process ready
I, [2017-04-23T10:24:06.898943 #11478]  INFO -- : worker=0 ready
I, [2017-04-23T10:24:06.901475 #11480]  INFO -- : worker=1 ready
I, [2017-04-23T10:24:07.082054 #10038]  INFO -- : reaped #<Process::Status: pid 10043 exit 0> worker=0
I, [2017-04-23T10:24:07.082172 #10038]  INFO -- : reaped #<Process::Status: pid 10045 exit 0> worker=1
I, [2017-04-23T10:24:07.082205 #10038]  INFO -- : master complete
I, [2017-04-23T10:28:21.795385 #12738]  INFO -- : executing ["/home/ec2-user/.rbenv/versions/2.3.1/bin/unicorn_rails", "-c", "config/unicorn.rb", "-E", "production", {10=>#<Kgio::UNIXServer:fd 10>}] (in /var/www/potato/releases/20170423102801)
I, [2017-04-23T10:28:21.795480 #12738]  INFO -- : forked child re-executing...
I, [2017-04-23T10:28:22.034951 #12738]  INFO -- : inherited addr=/var/www/potato/current/tmp/sockets/.unicorn.sock fd=10
I, [2017-04-23T10:28:22.036230 #12738]  INFO -- : Refreshing Gem list
I, [2017-04-23T10:28:23.989385 #12738]  INFO -- : master process ready
I, [2017-04-23T10:28:23.991370 #12743]  INFO -- : worker=0 ready
I, [2017-04-23T10:28:23.993528 #12745]  INFO -- : worker=1 ready
I, [2017-04-23T10:28:24.071337 #11473]  INFO -- : reaped #<Process::Status: pid 11478 exit 0> worker=0
I, [2017-04-23T10:28:24.071437 #11473]  INFO -- : reaped #<Process::Status: pid 11480 exit 0> worker=1
I, [2017-04-23T10:28:24.071471 #11473]  INFO -- : master complete
I, [2017-04-24T05:17:34.208903 #26948]  INFO -- : Refreshing Gem list
E, [2017-04-24T05:17:36.446990 #26948] ERROR -- : adding listener failed addr=/var/www/potato/current/tmp/sockets/.unicorn.sock (in use)
E, [2017-04-24T05:17:36.447078 #26948] ERROR -- : retrying in 0.5 seconds (4 tries left)
E, [2017-04-24T05:17:36.947600 #26948] ERROR -- : adding listener failed addr=/var/www/potato/current/tmp/sockets/.unicorn.sock (in use)
E, [2017-04-24T05:17:36.947684 #26948] ERROR -- : retrying in 0.5 seconds (3 tries left)
E, [2017-04-24T05:17:37.448211 #26948] ERROR -- : adding listener failed addr=/var/www/potato/current/tmp/sockets/.unicorn.sock (in use)
E, [2017-04-24T05:17:37.448322 #26948] ERROR -- : retrying in 0.5 seconds (2 tries left)
E, [2017-04-24T05:17:37.948881 #26948] ERROR -- : adding listener failed addr=/var/www/potato/current/tmp/sockets/.unicorn.sock (in use)
E, [2017-04-24T05:17:37.948974 #26948] ERROR -- : retrying in 0.5 seconds (1 tries left)
E, [2017-04-24T05:17:38.449497 #26948] ERROR -- : adding listener failed addr=/var/www/potato/current/tmp/sockets/.unicorn.sock (in use)
E, [2017-04-24T05:17:38.449586 #26948] ERROR -- : retrying in 0.5 seconds (0 tries left)
E, [2017-04-24T05:17:38.950111 #26948] ERROR -- : adding listener failed addr=/var/www/potato/current/tmp/sockets/.unicorn.sock (in use)
/home/ec2-user/.rbenv/versions/2.3.1/lib/ruby/gems/2.3.0/gems/unicorn-5.3.0/lib/unicorn/socket_helper.rb:137:in `initialize': Address already in use - connect(2) for /var/www/potato/current/tmp/sockets/.unicorn.sock (Errno::EADDRINUSE)
	from /home/ec2-user/.rbenv/versions/2.3.1/lib/ruby/gems/2.3.0/gems/unicorn-5.3.0/lib/unicorn/socket_helper.rb:137:in `new'
	from /home/ec2-user/.rbenv/versions/2.3.1/lib/ruby/gems/2.3.0/gems/unicorn-5.3.0/lib/unicorn/socket_helper.rb:137:in `bind_listen'
	from /home/ec2-user/.rbenv/versions/2.3.1/lib/ruby/gems/2.3.0/gems/unicorn-5.3.0/lib/unicorn/http_server.rb:241:in `listen'
	from /home/ec2-user/.rbenv/versions/2.3.1/lib/ruby/gems/2.3.0/gems/unicorn-5.3.0/lib/unicorn/http_server.rb:852:in `block in bind_new_listeners!'
	from /home/ec2-user/.rbenv/versions/2.3.1/lib/ruby/gems/2.3.0/gems/unicorn-5.3.0/lib/unicorn/http_server.rb:852:in `each'
	from /home/ec2-user/.rbenv/versions/2.3.1/lib/ruby/gems/2.3.0/gems/unicorn-5.3.0/lib/unicorn/http_server.rb:852:in `bind_new_listeners!'
	from /home/ec2-user/.rbenv/versions/2.3.1/lib/ruby/gems/2.3.0/gems/unicorn-5.3.0/lib/unicorn/http_server.rb:140:in `start'
	from /home/ec2-user/.rbenv/versions/2.3.1/lib/ruby/gems/2.3.0/gems/unicorn-5.3.0/bin/unicorn_rails:209:in `<top (required)>'
	from /home/ec2-user/.rbenv/versions/2.3.1/bin/unicorn_rails:23:in `load'
	from /home/ec2-user/.rbenv/versions/2.3.1/bin/unicorn_rails:23:in `<main>'
I, [2017-04-24T07:57:09.495928 #12738]  INFO -- : reaped #<Process::Status: pid 12743 exit 0> worker=0
I, [2017-04-24T07:57:09.496068 #12738]  INFO -- : reaped #<Process::Status: pid 12745 exit 0> worker=1
I, [2017-04-24T07:57:09.496141 #12738]  INFO -- : master complete
I, [2017-04-24T08:20:47.240826 #1695]  INFO -- : Refreshing Gem list
I, [2017-04-24T08:20:50.557501 #1695]  INFO -- : unlinking existing socket=/var/www/potato/current/tmp/sockets/.unicorn.sock
I, [2017-04-24T08:20:50.557679 #1695]  INFO -- : listening on addr=/var/www/potato/current/tmp/sockets/.unicorn.sock fd=8
I, [2017-04-24T08:20:50.660533 #1695]  INFO -- : master process ready
I, [2017-04-24T08:20:50.670133 #1699]  INFO -- : worker=0 ready
I, [2017-04-24T08:20:50.671529 #1701]  INFO -- : worker=1 ready
bundler: failed to load command: unicorn (/home/ec2-user/.rbenv/versions/2.3.1/bin/unicorn)
ArgumentError: Already running on PID:1695 (or pid=/var/www/potato/shared/tmp/pids/unicorn.pid is stale)
  /home/ec2-user/.rbenv/versions/2.3.1/lib/ruby/gems/2.3.0/gems/unicorn-5.3.0/lib/unicorn/http_server.rb:205:in `pid='
  /home/ec2-user/.rbenv/versions/2.3.1/lib/ruby/gems/2.3.0/gems/unicorn-5.3.0/lib/unicorn/http_server.rb:137:in `start'
  /home/ec2-user/.rbenv/versions/2.3.1/lib/ruby/gems/2.3.0/gems/unicorn-5.3.0/bin/unicorn:126:in `<top (required)>'
  /home/ec2-user/.rbenv/versions/2.3.1/bin/unicorn:23:in `load'
  /home/ec2-user/.rbenv/versions/2.3.1/bin/unicorn:23:in `<top (required)>'
bundler: failed to load command: unicorn (/home/ec2-user/.rbenv/versions/2.3.1/bin/unicorn)
ArgumentError: Already running on PID:1695 (or pid=/var/www/potato/shared/tmp/pids/unicorn.pid is stale)
  /home/ec2-user/.rbenv/versions/2.3.1/lib/ruby/gems/2.3.0/gems/unicorn-5.3.0/lib/unicorn/http_server.rb:205:in `pid='
  /home/ec2-user/.rbenv/versions/2.3.1/lib/ruby/gems/2.3.0/gems/unicorn-5.3.0/lib/unicorn/http_server.rb:137:in `start'
  /home/ec2-user/.rbenv/versions/2.3.1/lib/ruby/gems/2.3.0/gems/unicorn-5.3.0/bin/unicorn:126:in `<top (required)>'
  /home/ec2-user/.rbenv/versions/2.3.1/bin/unicorn:23:in `load'
  /home/ec2-user/.rbenv/versions/2.3.1/bin/unicorn:23:in `<top (required)>'
I, [2017-04-24T08:53:28.651858 #8069]  INFO -- : executing ["/home/ec2-user/.rbenv/versions/2.3.1/bin/unicorn", "-c", "/var/www/potato/current/config/unicorn.rb", "-E", "production", "-D", {8=>#<Kgio::UNIXServer:/var/www/potato/current/tmp/sockets/.unicorn.sock>}] (in /var/www/potato/releases/20170424085314)
I, [2017-04-24T08:53:28.651980 #8069]  INFO -- : forked child re-executing...
I, [2017-04-24T08:53:28.922334 #8069]  INFO -- : inherited addr=/var/www/potato/current/tmp/sockets/.unicorn.sock fd=8
I, [2017-04-24T08:53:28.922541 #8069]  INFO -- : Refreshing Gem list
I, [2017-04-24T08:53:31.141133 #8069]  INFO -- : master process ready
I, [2017-04-24T08:53:31.143047 #8074]  INFO -- : worker=0 ready
I, [2017-04-24T08:53:31.145578 #8076]  INFO -- : worker=1 ready
I, [2017-04-24T08:53:31.326126 #1695]  INFO -- : reaped #<Process::Status: pid 1699 exit 0> worker=0
I, [2017-04-24T08:53:31.326233 #1695]  INFO -- : reaped #<Process::Status: pid 1701 exit 0> worker=1
I, [2017-04-24T08:53:31.326263 #1695]  INFO -- : master complete
I, [2017-04-24T09:00:37.760907 #9324]  INFO -- : executing ["/home/ec2-user/.rbenv/versions/2.3.1/bin/unicorn", "-c", "/var/www/potato/current/config/unicorn.rb", "-E", "production", "-D", {8=>#<Kgio::UNIXServer:fd 8>}] (in /var/www/potato/releases/20170424090024)
I, [2017-04-24T09:00:37.761014 #9324]  INFO -- : forked child re-executing...
I, [2017-04-24T09:00:38.027290 #9324]  INFO -- : inherited addr=/var/www/potato/current/tmp/sockets/.unicorn.sock fd=8
I, [2017-04-24T09:00:38.027516 #9324]  INFO -- : Refreshing Gem list
I, [2017-04-24T09:00:40.201407 #9324]  INFO -- : master process ready
I, [2017-04-24T09:00:40.203305 #9329]  INFO -- : worker=0 ready
I, [2017-04-24T09:00:40.205540 #9331]  INFO -- : worker=1 ready
I, [2017-04-24T09:00:40.284055 #8069]  INFO -- : reaped #<Process::Status: pid 8076 exit 0> worker=1
I, [2017-04-24T09:00:40.384512 #8069]  INFO -- : reaped #<Process::Status: pid 8074 exit 0> worker=0
I, [2017-04-24T09:00:40.384623 #8069]  INFO -- : master complete
I, [2017-04-24T21:42:13.640933 #9331]  INFO -- omniauth: (google) Request phase initiated.
I, [2017-04-26T02:17:10.451442 #9329]  INFO -- omniauth: (google) Request phase initiated.
I, [2017-05-05T03:34:10.159945 #2162]  INFO -- : Refreshing Gem list
I, [2017-05-05T03:34:13.518054 #2162]  INFO -- : unlinking existing socket=/var/www/potato/current/tmp/sockets/.unicorn.sock
I, [2017-05-05T03:34:13.518233 #2162]  INFO -- : listening on addr=/var/www/potato/current/tmp/sockets/.unicorn.sock fd=10
I, [2017-05-05T03:34:13.673353 #2162]  INFO -- : master process ready
I, [2017-05-05T03:34:13.674759 #2192]  INFO -- : worker=0 ready
I, [2017-05-05T03:34:13.675975 #2194]  INFO -- : worker=1 ready
I, [2017-05-05T03:34:52.644810 #2162]  INFO -- : reaped #<Process::Status: pid 2192 exit 0> worker=0
I, [2017-05-05T03:34:52.644881 #2162]  INFO -- : reaped #<Process::Status: pid 2194 exit 0> worker=1
I, [2017-05-05T03:34:52.644924 #2162]  INFO -- : master complete
I, [2017-05-05T03:48:51.941906 #2587]  INFO -- : Refreshing Gem list
I, [2017-05-05T03:48:53.693537 #2587]  INFO -- : unlinking existing socket=/var/www/potato/current/tmp/sockets/.unicorn.sock
I, [2017-05-05T03:48:53.693663 #2587]  INFO -- : listening on addr=/var/www/potato/current/tmp/sockets/.unicorn.sock fd=10
I, [2017-05-05T03:48:53.787431 #2587]  INFO -- : master process ready
I, [2017-05-05T03:48:53.788830 #2618]  INFO -- : worker=0 ready
I, [2017-05-05T03:48:53.790310 #2620]  INFO -- : worker=1 ready
I, [2017-05-05T03:48:56.470785 #2587]  INFO -- : reaped #<Process::Status: pid 2618 exit 0> worker=0
I, [2017-05-05T03:48:56.470850 #2587]  INFO -- : reaped #<Process::Status: pid 2620 exit 0> worker=1
I, [2017-05-05T03:48:56.470895 #2587]  INFO -- : master complete
I, [2017-05-05T03:49:06.900921 #2627]  INFO -- : Refreshing Gem list
I, [2017-05-05T03:49:08.720049 #2627]  INFO -- : unlinking existing socket=/var/www/potato/current/tmp/sockets/.unicorn.sock
I, [2017-05-05T03:49:08.720173 #2627]  INFO -- : listening on addr=/var/www/potato/current/tmp/sockets/.unicorn.sock fd=10
I, [2017-05-05T03:49:08.750339 #2627]  INFO -- : master process ready
I, [2017-05-05T03:49:08.751681 #2663]  INFO -- : worker=0 ready
I, [2017-05-05T03:49:08.752837 #2665]  INFO -- : worker=1 ready
I, [2017-05-05T03:49:11.731746 #2627]  INFO -- : reaped #<Process::Status: pid 2663 exit 0> worker=0
I, [2017-05-05T03:49:11.731822 #2627]  INFO -- : reaped #<Process::Status: pid 2665 exit 0> worker=1
I, [2017-05-05T03:49:11.731879 #2627]  INFO -- : master complete
I, [2017-05-05T03:49:17.759071 #2669]  INFO -- : Refreshing Gem list
I, [2017-05-05T03:49:19.514368 #2669]  INFO -- : unlinking existing socket=/var/www/potato/current/tmp/sockets/.unicorn.sock
I, [2017-05-05T03:49:19.514500 #2669]  INFO -- : listening on addr=/var/www/potato/current/tmp/sockets/.unicorn.sock fd=10
I, [2017-05-05T03:49:19.588885 #2669]  INFO -- : master process ready
I, [2017-05-05T03:49:19.590238 #2699]  INFO -- : worker=0 ready
I, [2017-05-05T03:49:19.591474 #2701]  INFO -- : worker=1 ready
I, [2017-05-05T03:49:24.893291 #2669]  INFO -- : reaped #<Process::Status: pid 2699 exit 0> worker=0
I, [2017-05-05T03:49:24.893370 #2669]  INFO -- : reaped #<Process::Status: pid 2701 exit 0> worker=1
I, [2017-05-05T03:49:24.893412 #2669]  INFO -- : master complete
I, [2017-05-05T03:53:33.601283 #4001]  INFO -- : Refreshing Gem list
I, [2017-05-05T03:53:35.323396 #4001]  INFO -- : unlinking existing socket=/var/www/potato/current/tmp/sockets/.unicorn.sock
I, [2017-05-05T03:53:35.323544 #4001]  INFO -- : listening on addr=/var/www/potato/current/tmp/sockets/.unicorn.sock fd=8
I, [2017-05-05T03:53:35.332338 #4001]  INFO -- : master process ready
I, [2017-05-05T03:53:35.338533 #4005]  INFO -- : worker=0 ready
I, [2017-05-05T03:53:35.340985 #4007]  INFO -- : worker=1 ready
I, [2017-05-05T06:19:07.474078 #4001]  INFO -- : reaped #<Process::Status: pid 4005 exit 0> worker=0
I, [2017-05-05T06:19:07.474153 #4001]  INFO -- : reaped #<Process::Status: pid 4007 exit 0> worker=1
I, [2017-05-05T06:19:07.474257 #4001]  INFO -- : master complete
I, [2017-05-05T06:34:32.262612 #2697]  INFO -- : Refreshing Gem list
I, [2017-05-05T06:34:35.634316 #2697]  INFO -- : unlinking existing socket=/var/www/potato/current/tmp/sockets/.unicorn.sock
I, [2017-05-05T06:34:35.634457 #2697]  INFO -- : listening on addr=/var/www/potato/current/tmp/sockets/.unicorn.sock fd=10
I, [2017-05-05T06:34:35.737232 #2697]  INFO -- : master process ready
I, [2017-05-05T06:34:35.837626 #2697]  INFO -- : reaped #<Process::Status: pid 2727 exit 0> worker=0
I, [2017-05-05T06:34:35.837669 #2697]  INFO -- : reaped #<Process::Status: pid 2729 exit 0> worker=1
I, [2017-05-05T06:34:35.837704 #2697]  INFO -- : master complete
I, [2017-05-05T07:48:26.252817 #3952]  INFO -- : Refreshing Gem list
I, [2017-05-05T07:48:27.844722 #3952]  INFO -- : unlinking existing socket=/var/www/potato/current/tmp/sockets/.unicorn.sock
I, [2017-05-05T07:48:27.844846 #3952]  INFO -- : listening on addr=/var/www/potato/current/tmp/sockets/.unicorn.sock fd=8
I, [2017-05-05T07:48:27.852631 #3952]  INFO -- : master process ready
I, [2017-05-05T07:48:27.858193 #3956]  INFO -- : worker=0 ready
I, [2017-05-05T07:48:27.860820 #3958]  INFO -- : worker=1 ready
I, [2017-05-05T07:59:15.731125 #5132]  INFO -- : executing ["/var/www/potato/shared/bundle/ruby/2.3.0/bin/unicorn", "-c", "/var/www/potato/current/config/unicorn.rb", "-E", "production", "-D", {8=>#<Kgio::UNIXServer:/var/www/potato/current/tmp/sockets/.unicorn.sock>}] (in /var/www/potato/releases/20170505075903)
I, [2017-05-05T07:59:15.731217 #5132]  INFO -- : forked child re-executing...
I, [2017-05-05T07:59:15.947244 #5132]  INFO -- : inherited addr=/var/www/potato/current/tmp/sockets/.unicorn.sock fd=8
I, [2017-05-05T07:59:15.947412 #5132]  INFO -- : Refreshing Gem list
I, [2017-05-05T07:59:17.624058 #5132]  INFO -- : master process ready
I, [2017-05-05T07:59:17.625479 #5137]  INFO -- : worker=0 ready
I, [2017-05-05T07:59:17.626838 #5139]  INFO -- : worker=1 ready
I, [2017-05-05T07:59:17.809217 #3952]  INFO -- : reaped #<Process::Status: pid 3956 exit 0> worker=0
I, [2017-05-05T07:59:17.809302 #3952]  INFO -- : reaped #<Process::Status: pid 3958 exit 0> worker=1
I, [2017-05-05T07:59:17.809341 #3952]  INFO -- : master complete
I, [2017-05-05T08:16:50.410328 #5132]  INFO -- : reaped #<Process::Status: pid 5137 exit 0> worker=0
I, [2017-05-05T08:16:50.410446 #5132]  INFO -- : reaped #<Process::Status: pid 5139 exit 0> worker=1
I, [2017-05-05T08:16:50.410598 #5132]  INFO -- : master complete
I, [2017-05-05T08:34:59.835011 #9161]  INFO -- : Refreshing Gem list
I, [2017-05-05T08:35:01.706593 #9161]  INFO -- : unlinking existing socket=/var/www/potato/current/tmp/sockets/.unicorn.sock
I, [2017-05-05T08:35:01.706729 #9161]  INFO -- : listening on addr=/var/www/potato/current/tmp/sockets/.unicorn.sock fd=8
I, [2017-05-05T08:35:01.714812 #9161]  INFO -- : master process ready
I, [2017-05-05T08:35:01.720752 #9165]  INFO -- : worker=0 ready
I, [2017-05-05T08:35:01.725343 #9167]  INFO -- : worker=1 ready
I, [2017-05-05T09:17:58.598791 #10390]  INFO -- : executing ["/var/www/potato/shared/bundle/ruby/2.3.0/bin/unicorn", "-c", "/var/www/potato/current/config/unicorn.rb", "-E", "production", "-D", {8=>#<Kgio::UNIXServer:/var/www/potato/current/tmp/sockets/.unicorn.sock>}] (in /var/www/potato/releases/20170505091744)
I, [2017-05-05T09:17:58.598881 #10390]  INFO -- : forked child re-executing...
I, [2017-05-05T09:17:58.813320 #10390]  INFO -- : inherited addr=/var/www/potato/current/tmp/sockets/.unicorn.sock fd=8
I, [2017-05-05T09:17:58.813497 #10390]  INFO -- : Refreshing Gem list
I, [2017-05-05T09:18:00.506500 #10390]  INFO -- : master process ready
I, [2017-05-05T09:18:00.508103 #10395]  INFO -- : worker=0 ready
I, [2017-05-05T09:18:00.509377 #10397]  INFO -- : worker=1 ready
I, [2017-05-05T09:18:00.589591 #9161]  INFO -- : reaped #<Process::Status: pid 9165 exit 0> worker=0
I, [2017-05-05T09:18:00.589689 #9161]  INFO -- : reaped #<Process::Status: pid 9167 exit 0> worker=1
I, [2017-05-05T09:18:00.589721 #9161]  INFO -- : master complete
I, [2017-05-05T09:44:46.871325 #12126]  INFO -- : executing ["/var/www/potato/shared/bundle/ruby/2.3.0/bin/unicorn", "-c", "/var/www/potato/current/config/unicorn.rb", "-E", "production", "-D", {8=>#<Kgio::UNIXServer:fd 8>}] (in /var/www/potato/releases/20170505094433)
I, [2017-05-05T09:44:46.871937 #12126]  INFO -- : forked child re-executing...
I, [2017-05-05T09:44:47.107270 #12126]  INFO -- : inherited addr=/var/www/potato/current/tmp/sockets/.unicorn.sock fd=8
I, [2017-05-05T09:44:47.107433 #12126]  INFO -- : Refreshing Gem list
I, [2017-05-05T09:44:48.774269 #12126]  INFO -- : master process ready
I, [2017-05-05T09:44:48.775752 #12131]  INFO -- : worker=0 ready
I, [2017-05-05T09:44:48.777134 #12133]  INFO -- : worker=1 ready
I, [2017-05-05T09:44:48.959086 #10390]  INFO -- : reaped #<Process::Status: pid 10395 exit 0> worker=0
I, [2017-05-05T09:44:48.959156 #10390]  INFO -- : reaped #<Process::Status: pid 10397 exit 0> worker=1
I, [2017-05-05T09:44:48.959182 #10390]  INFO -- : master complete
I, [2017-05-05T10:25:26.090961 #12133]  INFO -- omniauth: (google) Request phase initiated.
I, [2017-05-05T10:25:39.621659 #12131]  INFO -- omniauth: (google) Request phase initiated.
I, [2017-05-05T11:06:02.056523 #13730]  INFO -- : executing ["/var/www/potato/shared/bundle/ruby/2.3.0/bin/unicorn", "-c", "/var/www/potato/current/config/unicorn.rb", "-E", "production", "-D", {8=>#<Kgio::UNIXServer:fd 8>}] (in /var/www/potato/releases/20170505110548)
I, [2017-05-05T11:06:02.056608 #13730]  INFO -- : forked child re-executing...
I, [2017-05-05T11:06:02.265698 #13730]  INFO -- : inherited addr=/var/www/potato/current/tmp/sockets/.unicorn.sock fd=8
I, [2017-05-05T11:06:02.265872 #13730]  INFO -- : Refreshing Gem list
I, [2017-05-05T11:06:03.890358 #13730]  INFO -- : master process ready
I, [2017-05-05T11:06:03.891934 #13735]  INFO -- : worker=0 ready
I, [2017-05-05T11:06:03.893168 #13737]  INFO -- : worker=1 ready
I, [2017-05-05T11:06:03.974390 #12126]  INFO -- : reaped #<Process::Status: pid 12131 exit 0> worker=0
I, [2017-05-05T11:06:03.974485 #12126]  INFO -- : reaped #<Process::Status: pid 12133 exit 0> worker=1
I, [2017-05-05T11:06:03.974511 #12126]  INFO -- : master complete
I, [2017-05-05T11:27:00.619263 #15102]  INFO -- : executing ["/var/www/potato/shared/bundle/ruby/2.3.0/bin/unicorn", "-c", "/var/www/potato/current/config/unicorn.rb", "-E", "production", "-D", {8=>#<Kgio::UNIXServer:fd 8>}] (in /var/www/potato/releases/20170505112649)
I, [2017-05-05T11:27:00.619351 #15102]  INFO -- : forked child re-executing...
I, [2017-05-05T11:27:00.831486 #15102]  INFO -- : inherited addr=/var/www/potato/current/tmp/sockets/.unicorn.sock fd=8
I, [2017-05-05T11:27:00.831647 #15102]  INFO -- : Refreshing Gem list
I, [2017-05-05T11:27:02.502231 #15102]  INFO -- : master process ready
I, [2017-05-05T11:27:02.503744 #15107]  INFO -- : worker=0 ready
I, [2017-05-05T11:27:02.506753 #15109]  INFO -- : worker=1 ready
I, [2017-05-05T11:27:02.588126 #13730]  INFO -- : reaped #<Process::Status: pid 13735 exit 0> worker=0
I, [2017-05-05T11:27:02.588261 #13730]  INFO -- : reaped #<Process::Status: pid 13737 exit 0> worker=1
I, [2017-05-05T11:27:02.588321 #13730]  INFO -- : master complete
I, [2017-05-05T11:48:14.256299 #16629]  INFO -- : executing ["/var/www/potato/shared/bundle/ruby/2.3.0/bin/unicorn", "-c", "/var/www/potato/current/config/unicorn.rb", "-E", "production", "-D", {8=>#<Kgio::UNIXServer:fd 8>}] (in /var/www/potato/releases/20170505114802)
I, [2017-05-05T11:48:14.256378 #16629]  INFO -- : forked child re-executing...
I, [2017-05-05T11:48:14.482940 #16629]  INFO -- : inherited addr=/var/www/potato/current/tmp/sockets/.unicorn.sock fd=8
I, [2017-05-05T11:48:14.483125 #16629]  INFO -- : Refreshing Gem list
I, [2017-05-05T11:48:16.262258 #16629]  INFO -- : master process ready
I, [2017-05-05T11:48:16.263733 #16634]  INFO -- : worker=0 ready
I, [2017-05-05T11:48:16.265116 #16636]  INFO -- : worker=1 ready
I, [2017-05-05T11:48:16.347382 #15102]  INFO -- : reaped #<Process::Status: pid 15107 exit 0> worker=0
I, [2017-05-05T11:48:16.347462 #15102]  INFO -- : reaped #<Process::Status: pid 15109 exit 0> worker=1
I, [2017-05-05T11:48:16.347487 #15102]  INFO -- : master complete
I, [2017-05-05T11:52:30.483697 #17822]  INFO -- : executing ["/var/www/potato/shared/bundle/ruby/2.3.0/bin/unicorn", "-c", "/var/www/potato/current/config/unicorn.rb", "-E", "production", "-D", {8=>#<Kgio::UNIXServer:fd 8>}] (in /var/www/potato/releases/20170505115216)
I, [2017-05-05T11:52:30.483786 #17822]  INFO -- : forked child re-executing...
/home/ec2-user/.rbenv/versions/2.3.1/lib/ruby/gems/2.3.0/gems/bundler-1.14.6/lib/bundler/definition.rb:31:in `build': /var/www/potato/releases/20170505083441/Gemfile not found (Bundler::GemfileNotFound)
	from /home/ec2-user/.rbenv/versions/2.3.1/lib/ruby/gems/2.3.0/gems/bundler-1.14.6/lib/bundler.rb:128:in `definition'
	from /home/ec2-user/.rbenv/versions/2.3.1/lib/ruby/gems/2.3.0/gems/bundler-1.14.6/lib/bundler.rb:94:in `setup'
	from /home/ec2-user/.rbenv/versions/2.3.1/lib/ruby/gems/2.3.0/gems/bundler-1.14.6/lib/bundler/setup.rb:20:in `<top (required)>'
	from /home/ec2-user/.rbenv/versions/2.3.1/lib/ruby/2.3.0/rubygems/core_ext/kernel_require.rb:55:in `require'
	from /home/ec2-user/.rbenv/versions/2.3.1/lib/ruby/2.3.0/rubygems/core_ext/kernel_require.rb:55:in `require'
E, [2017-05-05T11:52:30.583627 #16629] ERROR -- : reaped #<Process::Status: pid 17822 exit 1> exec()-ed
I, [2017-05-05T11:57:14.758325 #18922]  INFO -- : executing ["/var/www/potato/shared/bundle/ruby/2.3.0/bin/unicorn", "-c", "/var/www/potato/current/config/unicorn.rb", "-E", "production", "-D", {8=>#<Kgio::UNIXServer:fd 8>}] (in /var/www/potato/releases/20170505115701)
I, [2017-05-05T11:57:14.758407 #18922]  INFO -- : forked child re-executing...
/home/ec2-user/.rbenv/versions/2.3.1/lib/ruby/gems/2.3.0/gems/bundler-1.14.6/lib/bundler/definition.rb:31:in `build': /var/www/potato/releases/20170505083441/Gemfile not found (Bundler::GemfileNotFound)
	from /home/ec2-user/.rbenv/versions/2.3.1/lib/ruby/gems/2.3.0/gems/bundler-1.14.6/lib/bundler.rb:128:in `definition'
	from /home/ec2-user/.rbenv/versions/2.3.1/lib/ruby/gems/2.3.0/gems/bundler-1.14.6/lib/bundler.rb:94:in `setup'
	from /home/ec2-user/.rbenv/versions/2.3.1/lib/ruby/gems/2.3.0/gems/bundler-1.14.6/lib/bundler/setup.rb:20:in `<top (required)>'
	from /home/ec2-user/.rbenv/versions/2.3.1/lib/ruby/2.3.0/rubygems/core_ext/kernel_require.rb:55:in `require'
	from /home/ec2-user/.rbenv/versions/2.3.1/lib/ruby/2.3.0/rubygems/core_ext/kernel_require.rb:55:in `require'
E, [2017-05-05T11:57:14.857548 #16629] ERROR -- : reaped #<Process::Status: pid 18922 exit 1> exec()-ed
I, [2017-05-05T11:59:09.153554 #20050]  INFO -- : executing ["/var/www/potato/shared/bundle/ruby/2.3.0/bin/unicorn", "-c", "/var/www/potato/current/config/unicorn.rb", "-E", "production", "-D", {8=>#<Kgio::UNIXServer:fd 8>}] (in /var/www/potato/releases/20170505115857)
I, [2017-05-05T11:59:09.153676 #20050]  INFO -- : forked child re-executing...
/home/ec2-user/.rbenv/versions/2.3.1/lib/ruby/gems/2.3.0/gems/bundler-1.14.6/lib/bundler/definition.rb:31:in `build': /var/www/potato/releases/20170505083441/Gemfile not found (Bundler::GemfileNotFound)
	from /home/ec2-user/.rbenv/versions/2.3.1/lib/ruby/gems/2.3.0/gems/bundler-1.14.6/lib/bundler.rb:128:in `definition'
	from /home/ec2-user/.rbenv/versions/2.3.1/lib/ruby/gems/2.3.0/gems/bundler-1.14.6/lib/bundler.rb:94:in `setup'
	from /home/ec2-user/.rbenv/versions/2.3.1/lib/ruby/gems/2.3.0/gems/bundler-1.14.6/lib/bundler/setup.rb:20:in `<top (required)>'
	from /home/ec2-user/.rbenv/versions/2.3.1/lib/ruby/2.3.0/rubygems/core_ext/kernel_require.rb:55:in `require'
	from /home/ec2-user/.rbenv/versions/2.3.1/lib/ruby/2.3.0/rubygems/core_ext/kernel_require.rb:55:in `require'
E, [2017-05-05T11:59:09.247417 #16629] ERROR -- : reaped #<Process::Status: pid 20050 exit 1> exec()-ed
I, [2017-05-05T12:00:32.270521 #21146]  INFO -- : executing ["/var/www/potato/shared/bundle/ruby/2.3.0/bin/unicorn", "-c", "/var/www/potato/current/config/unicorn.rb", "-E", "production", "-D", {8=>#<Kgio::UNIXServer:fd 8>}] (in /var/www/potato/releases/20170505120020)
I, [2017-05-05T12:00:32.270624 #21146]  INFO -- : forked child re-executing...
/home/ec2-user/.rbenv/versions/2.3.1/lib/ruby/gems/2.3.0/gems/bundler-1.14.6/lib/bundler/definition.rb:31:in `build': /var/www/potato/releases/20170505083441/Gemfile not found (Bundler::GemfileNotFound)
	from /home/ec2-user/.rbenv/versions/2.3.1/lib/ruby/gems/2.3.0/gems/bundler-1.14.6/lib/bundler.rb:128:in `definition'
	from /home/ec2-user/.rbenv/versions/2.3.1/lib/ruby/gems/2.3.0/gems/bundler-1.14.6/lib/bundler.rb:94:in `setup'
	from /home/ec2-user/.rbenv/versions/2.3.1/lib/ruby/gems/2.3.0/gems/bundler-1.14.6/lib/bundler/setup.rb:20:in `<top (required)>'
	from /home/ec2-user/.rbenv/versions/2.3.1/lib/ruby/2.3.0/rubygems/core_ext/kernel_require.rb:55:in `require'
	from /home/ec2-user/.rbenv/versions/2.3.1/lib/ruby/2.3.0/rubygems/core_ext/kernel_require.rb:55:in `require'
E, [2017-05-05T12:00:32.370344 #16629] ERROR -- : reaped #<Process::Status: pid 21146 exit 1> exec()-ed
I, [2017-05-05T12:03:31.738246 #22193]  INFO -- : executing ["/var/www/potato/shared/bundle/ruby/2.3.0/bin/unicorn", "-c", "/var/www/potato/current/config/unicorn.rb", "-E", "production", "-D", {8=>#<Kgio::UNIXServer:fd 8>}] (in /var/www/potato/releases/20170505120317)
I, [2017-05-05T12:03:31.738330 #22193]  INFO -- : forked child re-executing...
/home/ec2-user/.rbenv/versions/2.3.1/lib/ruby/gems/2.3.0/gems/bundler-1.14.6/lib/bundler/definition.rb:31:in `build': /var/www/potato/releases/20170505083441/Gemfile not found (Bundler::GemfileNotFound)
	from /home/ec2-user/.rbenv/versions/2.3.1/lib/ruby/gems/2.3.0/gems/bundler-1.14.6/lib/bundler.rb:128:in `definition'
	from /home/ec2-user/.rbenv/versions/2.3.1/lib/ruby/gems/2.3.0/gems/bundler-1.14.6/lib/bundler.rb:94:in `setup'
	from /home/ec2-user/.rbenv/versions/2.3.1/lib/ruby/gems/2.3.0/gems/bundler-1.14.6/lib/bundler/setup.rb:20:in `<top (required)>'
	from /home/ec2-user/.rbenv/versions/2.3.1/lib/ruby/2.3.0/rubygems/core_ext/kernel_require.rb:55:in `require'
	from /home/ec2-user/.rbenv/versions/2.3.1/lib/ruby/2.3.0/rubygems/core_ext/kernel_require.rb:55:in `require'
E, [2017-05-05T12:03:31.836261 #16629] ERROR -- : reaped #<Process::Status: pid 22193 exit 1> exec()-ed
